<?xml version="1.0" encoding="UTF-8"?>
<testsuite xmlns:xsi="http://www.w3.org/2001/XMLSchema-instance" xsi:noNamespaceSchemaLocation="https://maven.apache.org/surefire/maven-surefire-plugin/xsd/surefire-test-report.xsd" name="TestRunner.TestRunner" time="9.891" tests="1" errors="1" skipped="0" failures="0">
  <properties>
[...]
</properties>
  <testcase name="Advanced search an item" classname="Ebay Advanced Search Page" time="9.674">
    <error message="element not interactable&#10;  (Session info: chrome=127.0.6533.89)&#10;Build info: version: &apos;4.16.1&apos;, revision: &apos;9b4c83354e&apos;&#10;System info: os.name: &apos;Mac OS X&apos;, os.arch: &apos;aarch64&apos;, os.version: &apos;14.2.1&apos;, java.version: &apos;17.0.9&apos;&#10;Driver info: org.openqa.selenium.chrome.ChromeDriver&#10;Command: [8ffd79c6c133377ad321864eb8884713, sendKeysToElement {id=f.EAE272670267BBE29306E250FC47CDD3.d.F708585682B99CC60BBFECD040484C8C.e.72, value=[Ljava.lang.CharSequence;@5116ac09}]&#10;Capabilities {acceptInsecureCerts: false, browserName: chrome, browserVersion: 127.0.6533.89, chrome: {chromedriverVersion: 127.0.6533.88 (a2d0cb026721..., userDataDir: /var/folders/6j/9sf0pbvs6cl...}, fedcm:accounts: true, goog:chromeOptions: {debuggerAddress: localhost:50961}, networkConnectionEnabled: false, pageLoadStrategy: normal, platformName: mac, proxy: Proxy(), se:cdp: ws://localhost:50961/devtoo..., se:cdpVersion: 127.0.6533.89, setWindowRect: true, strictFileInteractability: false, timeouts: {implicit: 0, pageLoad: 300000, script: 30000}, unhandledPromptBehavior: dismiss and notify, webauthn:extension:credBlob: true, webauthn:extension:largeBlob: true, webauthn:extension:minPinLength: true, webauthn:extension:prf: true, webauthn:virtualAuthenticators: true}&#10;Element: [[ChromeDriver: chrome on mac (8ffd79c6c133377ad321864eb8884713)] -&gt; xpath: //*[text()=&apos;Min price&apos;]]&#10;Session ID: 8ffd79c6c133377ad321864eb8884713" type="org.openqa.selenium.ElementNotInteractableException">org.openqa.selenium.ElementNotInteractableException: 
element not interactable
  (Session info: chrome=127.0.6533.89)
Build info: version: '4.16.1', revision: '9b4c83354e'
System info: os.name: 'Mac OS X', os.arch: 'aarch64', os.version: '14.2.1', java.version: '17.0.9'
Driver info: org.openqa.selenium.chrome.ChromeDriver
Command: [8ffd79c6c133377ad321864eb8884713, sendKeysToElement {id=f.EAE272670267BBE29306E250FC47CDD3.d.F708585682B99CC60BBFECD040484C8C.e.72, value=[Ljava.lang.CharSequence;@5116ac09}]
Capabilities {acceptInsecureCerts: false, browserName: chrome, browserVersion: 127.0.6533.89, chrome: {chromedriverVersion: 127.0.6533.88 (a2d0cb026721..., userDataDir: /var/folders/6j/9sf0pbvs6cl...}, fedcm:accounts: true, goog:chromeOptions: {debuggerAddress: localhost:50961}, networkConnectionEnabled: false, pageLoadStrategy: normal, platformName: mac, proxy: Proxy(), se:cdp: ws://localhost:50961/devtoo..., se:cdpVersion: 127.0.6533.89, setWindowRect: true, strictFileInteractability: false, timeouts: {implicit: 0, pageLoad: 300000, script: 30000}, unhandledPromptBehavior: dismiss and notify, webauthn:extension:credBlob: true, webauthn:extension:largeBlob: true, webauthn:extension:minPinLength: true, webauthn:extension:prf: true, webauthn:virtualAuthenticators: true}
Element: [[ChromeDriver: chrome on mac (8ffd79c6c133377ad321864eb8884713)] -> xpath: //*[text()='Min price']]
Session ID: 8ffd79c6c133377ad321864eb8884713
</error>
    <system-out><![CDATA[
@P300 @setCookies
Scenario: Advanced search an item         &amp#27;[90m# features/EbayAdvancedSearch.feature:10&amp#27;[0m
Global Before Hook Executed
Scenario specific hook - setCookies executed
  &amp#27;[32mGiven &amp#27;[0m&amp#27;[32mI am on Ebay Advanced Search Page&amp#27;[0m &amp#27;[90m# steps.EbayAdvancedSearch_steps.i_am_on_ebay_advanced_search_page()&amp#27;[0m
  &amp#27;[31mWhen &amp#27;[0m&amp#27;[31mI advanced Search an iterm&amp#27;[0m         &amp#27;[90m# steps.EbayAdvancedSearch_steps.i_advanced_search_an_iterm(io.cucumber.datatable.DataTable)&amp#27;[0m
    | keyword   | exclude     | min | max |
    | iphone 11 | refurbished | 300 | 900 |
      &amp#27;[31morg.openqa.selenium.ElementNotInteractableException: element not interactable
  (Session info: chrome=127.0.6533.89)
Build info: version: '4.16.1', revision: '9b4c83354e'
System info: os.name: 'Mac OS X', os.arch: 'aarch64', os.version: '14.2.1', java.version: '17.0.9'
Driver info: org.openqa.selenium.chrome.ChromeDriver
Command: [8ffd79c6c133377ad321864eb8884713, sendKeysToElement {id=f.EAE272670267BBE29306E250FC47CDD3.d.F708585682B99CC60BBFECD040484C8C.e.72, value=[Ljava.lang.CharSequence;@5116ac09}]
Capabilities {acceptInsecureCerts: false, browserName: chrome, browserVersion: 127.0.6533.89, chrome: {chromedriverVersion: 127.0.6533.88 (a2d0cb026721..., userDataDir: /var/folders/6j/9sf0pbvs6cl...}, fedcm:accounts: true, goog:chromeOptions: {debuggerAddress: localhost:50961}, networkConnectionEnabled: false, pageLoadStrategy: normal, platformName: mac, proxy: Proxy(), se:cdp: ws://localhost:50961/devtoo..., se:cdpVersion: 127.0.6533.89, setWindowRect: true, strictFileInteractability: false, timeouts: {implicit: 0, pageLoad: 300000, script: 30000}, unhandledPromptBehavior: dismiss and notify, webauthn:extension:credBlob: true, webauthn:extension:largeBlob: true, webauthn:extension:minPinLength: true, webauthn:extension:prf: true, webauthn:virtualAuthenticators: true}
Element: [[ChromeDriver: chrome on mac (8ffd79c6c133377ad321864eb8884713)] -> xpath: //*[text()='Min price']]
Session ID: 8ffd79c6c133377ad321864eb8884713
	at java.base/jdk.internal.reflect.NativeConstructorAccessorImpl.newInstance0(Native Method)
	at java.base/jdk.internal.reflect.NativeConstructorAccessorImpl.newInstance(NativeConstructorAccessorImpl.java:77)
	at java.base/jdk.internal.reflect.DelegatingConstructorAccessorImpl.newInstance(DelegatingConstructorAccessorImpl.java:45)
	at java.base/java.lang.reflect.Constructor.newInstanceWithCaller(Constructor.java:499)
	at java.base/java.lang.reflect.Constructor.newInstance(Constructor.java:480)
	at org.openqa.selenium.remote.codec.w3c.W3CHttpResponseCodec.createException(W3CHttpResponseCodec.java:200)
	at org.openqa.selenium.remote.codec.w3c.W3CHttpResponseCodec.decode(W3CHttpResponseCodec.java:133)
	at org.openqa.selenium.remote.codec.w3c.W3CHttpResponseCodec.decode(W3CHttpResponseCodec.java:52)
	at org.openqa.selenium.remote.HttpCommandExecutor.execute(HttpCommandExecutor.java:191)
	at org.openqa.selenium.remote.service.DriverCommandExecutor.invokeExecute(DriverCommandExecutor.java:200)
	at org.openqa.selenium.remote.service.DriverCommandExecutor.execute(DriverCommandExecutor.java:175)
	at org.openqa.selenium.remote.RemoteWebDriver.execute(RemoteWebDriver.java:523)
	at org.openqa.selenium.remote.RemoteWebElement.execute(RemoteWebElement.java:224)
	at org.openqa.selenium.remote.RemoteWebElement.sendKeys(RemoteWebElement.java:111)
	at java.base/jdk.internal.reflect.NativeMethodAccessorImpl.invoke0(Native Method)
	at java.base/jdk.internal.reflect.NativeMethodAccessorImpl.invoke(NativeMethodAccessorImpl.java:77)
	at java.base/jdk.internal.reflect.DelegatingMethodAccessorImpl.invoke(DelegatingMethodAccessorImpl.java:43)
	at java.base/java.lang.reflect.Method.invoke(Method.java:568)
	at org.openqa.selenium.support.pagefactory.internal.LocatingElementHandler.invoke(LocatingElementHandler.java:51)
	at jdk.proxy2/jdk.proxy2.$Proxy20.sendKeys(Unknown Source)
	at actions.EbayAdvancedSearch_Actions.enterMinPrice(EbayAdvancedSearch_Actions.java:34)
	at steps.EbayAdvancedSearch_steps.i_advanced_search_an_iterm(EbayAdvancedSearch_steps.java:61)
	at ✽.I advanced Search an iterm(file:///Users/padma/Desktop/eclipse_workspace/BDDCucumber/features/EbayAdvancedSearch.feature:12)
&amp#27;[0m

    Embedding Advanced search an item [image/png 106466 bytes]

Global After Hook Executed
]]></system-out>
    <system-err><![CDATA[Aug 04, 2024 5:43:41 PM org.openqa.selenium.devtools.CdpVersionFinder findNearestMatch
WARNING: Unable to find CDP implementation matching 127
Aug 04, 2024 5:43:41 PM org.openqa.selenium.chromium.ChromiumDriver lambda$new$5
WARNING: Unable to find version of CDP to use for 127.0.6533.89. You may need to include a dependency on a specific version of the CDP using something similar to `org.seleniumhq.selenium:selenium-devtools-v86:4.16.1` where the version ("v86") matches the version of the chromium-based browser you're using and the version number of the artifact is the same as Selenium's.
]]></system-err>
  </testcase>
</testsuite>